<?xml version="1.0" encoding="UTF-8"?>
<testng-results skipped="0" failed="0" ignored="0" total="1" passed="1">
  <reporter-output>
    <line>
      <![CDATA[hhhhhh]]>
    </line>
    <line>
      <![CDATA[hhhhhh]]>
    </line>
    <line>
      <![CDATA[Title matching]]>
    </line>
  </reporter-output>
  <suite name="Suite" duration-ms="111667" started-at="2017-12-22T07:08:58Z" finished-at="2017-12-22T07:10:49Z">
    <groups>
    </groups>
    <test name="Test" duration-ms="111667" started-at="2017-12-22T07:08:58Z" finished-at="2017-12-22T07:10:49Z">
      <class name="act.com.tests.verifyPageTitleTest">
        <test-method status="PASS" signature="preCondition()[pri:0, instance:act.com.tests.verifyPageTitleTest@58651fd0]" name="preCondition" is-config="true" duration-ms="111623" started-at="2017-12-22T12:38:58Z" finished-at="2017-12-22T12:40:49Z">
          <reporter-output>
            <line>
              <![CDATA[hhhhhh]]>
            </line>
            <line>
              <![CDATA[hhhhhh]]>
            </line>
          </reporter-output>
        </test-method> <!-- preCondition -->
        <test-method status="PASS" signature="testVerifyPageTitle()[pri:0, instance:act.com.tests.verifyPageTitleTest@58651fd0]" name="testVerifyPageTitle" duration-ms="26" started-at="2017-12-22T12:40:49Z" finished-at="2017-12-22T12:40:49Z">
          <reporter-output>
            <line>
              <![CDATA[Title matching]]>
            </line>
          </reporter-output>
        </test-method> <!-- testVerifyPageTitle -->
      </class> <!-- act.com.tests.verifyPageTitleTest -->
    </test> <!-- Test -->
  </suite> <!-- Suite -->
</testng-results>
